[0.359s] Invoking command in '/home/mg0220/Lidar/src/datapack': PYTHONPATH=/home/mg0220/Lidar/build/datapack/prefix_override:/usr/lib/python3/dist-packages/colcon_core/task/python/colcon_distutils_commands:/home/mg0220/Lidar/install/datapack/lib/python3.10/site-packages:${PYTHONPATH} /usr/bin/python3 -W ignore:setup.py install is deprecated -W ignore:easy_install command is deprecated setup.py egg_info --egg-base ../../build/datapack build --build-base /home/mg0220/Lidar/build/datapack/build install --record /home/mg0220/Lidar/build/datapack/install.log --single-version-externally-managed install_data
[0.477s] running egg_info
[0.477s] writing ../../build/datapack/datapack.egg-info/PKG-INFO
[0.477s] writing dependency_links to ../../build/datapack/datapack.egg-info/dependency_links.txt
[0.477s] writing entry points to ../../build/datapack/datapack.egg-info/entry_points.txt
[0.478s] writing requirements to ../../build/datapack/datapack.egg-info/requires.txt
[0.478s] writing top-level names to ../../build/datapack/datapack.egg-info/top_level.txt
[0.479s] reading manifest file '../../build/datapack/datapack.egg-info/SOURCES.txt'
[0.480s] writing manifest file '../../build/datapack/datapack.egg-info/SOURCES.txt'
[0.480s] running build
[0.480s] running build_py
[0.480s] copying datapack/ros.py -> /home/mg0220/Lidar/build/datapack/build/lib/datapack
[0.480s] copying datapack/publisher.py -> /home/mg0220/Lidar/build/datapack/build/lib/datapack
[0.480s] copying datapack/subscriber.py -> /home/mg0220/Lidar/build/datapack/build/lib/datapack
[0.480s] running install
[0.481s] running install_lib
[0.481s] copying /home/mg0220/Lidar/build/datapack/build/lib/datapack/ros.py -> /home/mg0220/Lidar/install/datapack/lib/python3.10/site-packages/datapack
[0.481s] copying /home/mg0220/Lidar/build/datapack/build/lib/datapack/publisher.py -> /home/mg0220/Lidar/install/datapack/lib/python3.10/site-packages/datapack
[0.481s] copying /home/mg0220/Lidar/build/datapack/build/lib/datapack/subscriber.py -> /home/mg0220/Lidar/install/datapack/lib/python3.10/site-packages/datapack
[0.482s] byte-compiling /home/mg0220/Lidar/install/datapack/lib/python3.10/site-packages/datapack/ros.py to ros.cpython-310.pyc
[0.482s] byte-compiling /home/mg0220/Lidar/install/datapack/lib/python3.10/site-packages/datapack/publisher.py to publisher.cpython-310.pyc
[0.483s] byte-compiling /home/mg0220/Lidar/install/datapack/lib/python3.10/site-packages/datapack/subscriber.py to subscriber.cpython-310.pyc
[0.483s] running install_data
[0.483s] running install_egg_info
[0.484s] removing '/home/mg0220/Lidar/install/datapack/lib/python3.10/site-packages/datapack-0.0.0-py3.10.egg-info' (and everything under it)
[0.484s] Copying ../../build/datapack/datapack.egg-info to /home/mg0220/Lidar/install/datapack/lib/python3.10/site-packages/datapack-0.0.0-py3.10.egg-info
[0.485s] running install_scripts
[0.496s] Installing data_node script to /home/mg0220/Lidar/install/datapack/lib/datapack
[0.496s] Installing publisher script to /home/mg0220/Lidar/install/datapack/lib/datapack
[0.496s] Installing subscriber script to /home/mg0220/Lidar/install/datapack/lib/datapack
[0.496s] writing list of installed files to '/home/mg0220/Lidar/build/datapack/install.log'
[0.509s] Invoked command in '/home/mg0220/Lidar/src/datapack' returned '0': PYTHONPATH=/home/mg0220/Lidar/build/datapack/prefix_override:/usr/lib/python3/dist-packages/colcon_core/task/python/colcon_distutils_commands:/home/mg0220/Lidar/install/datapack/lib/python3.10/site-packages:${PYTHONPATH} /usr/bin/python3 -W ignore:setup.py install is deprecated -W ignore:easy_install command is deprecated setup.py egg_info --egg-base ../../build/datapack build --build-base /home/mg0220/Lidar/build/datapack/build install --record /home/mg0220/Lidar/build/datapack/install.log --single-version-externally-managed install_data
