[0.387s] Invoking command in '/home/mg0220/Lidar/src/datapack': PYTHONPATH=/home/mg0220/Lidar/build/datapack/prefix_override:/usr/lib/python3/dist-packages/colcon_core/task/python/colcon_distutils_commands:/home/mg0220/Lidar/install/datapack/lib/python3.10/site-packages:${PYTHONPATH} /usr/bin/python3 -W ignore:setup.py install is deprecated -W ignore:easy_install command is deprecated setup.py egg_info --egg-base ../../build/datapack build --build-base /home/mg0220/Lidar/build/datapack/build install --record /home/mg0220/Lidar/build/datapack/install.log --single-version-externally-managed install_data
[0.512s] running egg_info
[0.512s] writing ../../build/datapack/datapack.egg-info/PKG-INFO
[0.513s] writing dependency_links to ../../build/datapack/datapack.egg-info/dependency_links.txt
[0.513s] writing entry points to ../../build/datapack/datapack.egg-info/entry_points.txt
[0.514s] writing requirements to ../../build/datapack/datapack.egg-info/requires.txt
[0.514s] writing top-level names to ../../build/datapack/datapack.egg-info/top_level.txt
[0.515s] reading manifest file '../../build/datapack/datapack.egg-info/SOURCES.txt'
[0.516s] writing manifest file '../../build/datapack/datapack.egg-info/SOURCES.txt'
[0.516s] running build
[0.516s] running build_py
[0.516s] copying datapack/ros.py -> /home/mg0220/Lidar/build/datapack/build/lib/datapack
[0.516s] copying datapack/subscriber.py -> /home/mg0220/Lidar/build/datapack/build/lib/datapack
[0.517s] running install
[0.517s] running install_lib
[0.518s] copying /home/mg0220/Lidar/build/datapack/build/lib/datapack/ros.py -> /home/mg0220/Lidar/install/datapack/lib/python3.10/site-packages/datapack
[0.518s] copying /home/mg0220/Lidar/build/datapack/build/lib/datapack/subscriber.py -> /home/mg0220/Lidar/install/datapack/lib/python3.10/site-packages/datapack
[0.518s] byte-compiling /home/mg0220/Lidar/install/datapack/lib/python3.10/site-packages/datapack/ros.py to ros.cpython-310.pyc
[0.519s] byte-compiling /home/mg0220/Lidar/install/datapack/lib/python3.10/site-packages/datapack/subscriber.py to subscriber.cpython-310.pyc
[0.519s] running install_data
[0.520s] running install_egg_info
[0.520s] removing '/home/mg0220/Lidar/install/datapack/lib/python3.10/site-packages/datapack-0.0.0-py3.10.egg-info' (and everything under it)
[0.521s] Copying ../../build/datapack/datapack.egg-info to /home/mg0220/Lidar/install/datapack/lib/python3.10/site-packages/datapack-0.0.0-py3.10.egg-info
[0.522s] running install_scripts
[0.533s] Installing data_node script to /home/mg0220/Lidar/install/datapack/lib/datapack
[0.533s] Installing publisher script to /home/mg0220/Lidar/install/datapack/lib/datapack
[0.533s] Installing subscriber script to /home/mg0220/Lidar/install/datapack/lib/datapack
[0.533s] writing list of installed files to '/home/mg0220/Lidar/build/datapack/install.log'
[0.546s] Invoked command in '/home/mg0220/Lidar/src/datapack' returned '0': PYTHONPATH=/home/mg0220/Lidar/build/datapack/prefix_override:/usr/lib/python3/dist-packages/colcon_core/task/python/colcon_distutils_commands:/home/mg0220/Lidar/install/datapack/lib/python3.10/site-packages:${PYTHONPATH} /usr/bin/python3 -W ignore:setup.py install is deprecated -W ignore:easy_install command is deprecated setup.py egg_info --egg-base ../../build/datapack build --build-base /home/mg0220/Lidar/build/datapack/build install --record /home/mg0220/Lidar/build/datapack/install.log --single-version-externally-managed install_data
