/home/mg0220/Lidar/install/datapack/lib/python3.10/site-packages/datapack/read_json.py
/home/mg0220/Lidar/install/datapack/lib/python3.10/site-packages/datapack/ros.py
/home/mg0220/Lidar/install/datapack/lib/python3.10/site-packages/datapack/publisher.py
/home/mg0220/Lidar/install/datapack/lib/python3.10/site-packages/datapack/subscriber.py
/home/mg0220/Lidar/install/datapack/lib/python3.10/site-packages/datapack/__init__.py
/home/mg0220/Lidar/install/datapack/lib/python3.10/site-packages/datapack/__pycache__/read_json.cpython-310.pyc
/home/mg0220/Lidar/install/datapack/lib/python3.10/site-packages/datapack/__pycache__/ros.cpython-310.pyc
/home/mg0220/Lidar/install/datapack/lib/python3.10/site-packages/datapack/__pycache__/publisher.cpython-310.pyc
/home/mg0220/Lidar/install/datapack/lib/python3.10/site-packages/datapack/__pycache__/subscriber.cpython-310.pyc
/home/mg0220/Lidar/install/datapack/lib/python3.10/site-packages/datapack/__pycache__/__init__.cpython-310.pyc
/home/mg0220/Lidar/install/datapack/share/ament_index/resource_index/packages/datapack
/home/mg0220/Lidar/install/datapack/share/datapack/package.xml
/home/mg0220/Lidar/install/datapack/lib/python3.10/site-packages/datapack-0.0.0-py3.10.egg-info/SOURCES.txt
/home/mg0220/Lidar/install/datapack/lib/python3.10/site-packages/datapack-0.0.0-py3.10.egg-info/PKG-INFO
/home/mg0220/Lidar/install/datapack/lib/python3.10/site-packages/datapack-0.0.0-py3.10.egg-info/top_level.txt
/home/mg0220/Lidar/install/datapack/lib/python3.10/site-packages/datapack-0.0.0-py3.10.egg-info/entry_points.txt
/home/mg0220/Lidar/install/datapack/lib/python3.10/site-packages/datapack-0.0.0-py3.10.egg-info/dependency_links.txt
/home/mg0220/Lidar/install/datapack/lib/python3.10/site-packages/datapack-0.0.0-py3.10.egg-info/zip-safe
/home/mg0220/Lidar/install/datapack/lib/python3.10/site-packages/datapack-0.0.0-py3.10.egg-info/requires.txt
/home/mg0220/Lidar/install/datapack/lib/datapack/data_node
/home/mg0220/Lidar/install/datapack/lib/datapack/publisher
/home/mg0220/Lidar/install/datapack/lib/datapack/ros
/home/mg0220/Lidar/install/datapack/lib/datapack/subscriber
