[0.351s] Invoking command in '/home/mg0220/Lidar/src/datapack': PYTHONPATH=/home/mg0220/Lidar/build/datapack/prefix_override:/usr/lib/python3/dist-packages/colcon_core/task/python/colcon_distutils_commands:/home/mg0220/Lidar/install/datapack/lib/python3.10/site-packages:${PYTHONPATH} /usr/bin/python3 -W ignore:setup.py install is deprecated -W ignore:easy_install command is deprecated setup.py egg_info --egg-base ../../build/datapack build --build-base /home/mg0220/Lidar/build/datapack/build install --record /home/mg0220/Lidar/build/datapack/install.log --single-version-externally-managed install_data
[0.479s] running egg_info
[0.479s] writing ../../build/datapack/datapack.egg-info/PKG-INFO
[0.479s] writing dependency_links to ../../build/datapack/datapack.egg-info/dependency_links.txt
[0.479s] writing entry points to ../../build/datapack/datapack.egg-info/entry_points.txt
[0.479s] writing requirements to ../../build/datapack/datapack.egg-info/requires.txt
[0.479s] writing top-level names to ../../build/datapack/datapack.egg-info/top_level.txt
[0.480s] reading manifest file '../../build/datapack/datapack.egg-info/SOURCES.txt'
[0.481s] writing manifest file '../../build/datapack/datapack.egg-info/SOURCES.txt'
[0.481s] running build
[0.481s] running build_py
[0.481s] running install
[0.481s] running install_lib
[0.482s] running install_data
[0.482s] running install_egg_info
[0.484s] removing '/home/mg0220/Lidar/install/datapack/lib/python3.10/site-packages/datapack-0.0.0-py3.10.egg-info' (and everything under it)
[0.484s] Copying ../../build/datapack/datapack.egg-info to /home/mg0220/Lidar/install/datapack/lib/python3.10/site-packages/datapack-0.0.0-py3.10.egg-info
[0.485s] running install_scripts
[0.496s] Installing data_node script to /home/mg0220/Lidar/install/datapack/lib/datapack
[0.496s] Installing publisher script to /home/mg0220/Lidar/install/datapack/lib/datapack
[0.496s] Installing subscriber script to /home/mg0220/Lidar/install/datapack/lib/datapack
[0.496s] writing list of installed files to '/home/mg0220/Lidar/build/datapack/install.log'
[0.510s] Invoked command in '/home/mg0220/Lidar/src/datapack' returned '0': PYTHONPATH=/home/mg0220/Lidar/build/datapack/prefix_override:/usr/lib/python3/dist-packages/colcon_core/task/python/colcon_distutils_commands:/home/mg0220/Lidar/install/datapack/lib/python3.10/site-packages:${PYTHONPATH} /usr/bin/python3 -W ignore:setup.py install is deprecated -W ignore:easy_install command is deprecated setup.py egg_info --egg-base ../../build/datapack build --build-base /home/mg0220/Lidar/build/datapack/build install --record /home/mg0220/Lidar/build/datapack/install.log --single-version-externally-managed install_data
