running egg_info
creating ../../build/datapack/datapack.egg-info
writing ../../build/datapack/datapack.egg-info/PKG-INFO
writing dependency_links to ../../build/datapack/datapack.egg-info/dependency_links.txt
writing entry points to ../../build/datapack/datapack.egg-info/entry_points.txt
writing requirements to ../../build/datapack/datapack.egg-info/requires.txt
writing top-level names to ../../build/datapack/datapack.egg-info/top_level.txt
writing manifest file '../../build/datapack/datapack.egg-info/SOURCES.txt'
reading manifest file '../../build/datapack/datapack.egg-info/SOURCES.txt'
writing manifest file '../../build/datapack/datapack.egg-info/SOURCES.txt'
running build
running build_py
creating /home/mg0220/Lidar/build/datapack/build
creating /home/mg0220/Lidar/build/datapack/build/lib
creating /home/mg0220/Lidar/build/datapack/build/lib/datapack
copying datapack/data_node.py -> /home/mg0220/Lidar/build/datapack/build/lib/datapack
copying datapack/__init__.py -> /home/mg0220/Lidar/build/datapack/build/lib/datapack
running install
running install_lib
creating /home/mg0220/Lidar/install/datapack/lib/python3.10/site-packages/datapack
copying /home/mg0220/Lidar/build/datapack/build/lib/datapack/data_node.py -> /home/mg0220/Lidar/install/datapack/lib/python3.10/site-packages/datapack
copying /home/mg0220/Lidar/build/datapack/build/lib/datapack/__init__.py -> /home/mg0220/Lidar/install/datapack/lib/python3.10/site-packages/datapack
byte-compiling /home/mg0220/Lidar/install/datapack/lib/python3.10/site-packages/datapack/data_node.py to data_node.cpython-310.pyc
byte-compiling /home/mg0220/Lidar/install/datapack/lib/python3.10/site-packages/datapack/__init__.py to __init__.cpython-310.pyc
running install_data
creating /home/mg0220/Lidar/install/datapack/share/ament_index
creating /home/mg0220/Lidar/install/datapack/share/ament_index/resource_index
creating /home/mg0220/Lidar/install/datapack/share/ament_index/resource_index/packages
copying resource/datapack -> /home/mg0220/Lidar/install/datapack/share/ament_index/resource_index/packages
copying package.xml -> /home/mg0220/Lidar/install/datapack/share/datapack
running install_egg_info
Copying ../../build/datapack/datapack.egg-info to /home/mg0220/Lidar/install/datapack/lib/python3.10/site-packages/datapack-0.0.0-py3.10.egg-info
running install_scripts
Installing data_node script to /home/mg0220/Lidar/install/datapack/lib/datapack
writing list of installed files to '/home/mg0220/Lidar/build/datapack/install.log'
