[0.389s] Invoking command in '/home/mg0220/Lidar/src/datapack': PYTHONPATH=/home/mg0220/Lidar/build/datapack/prefix_override:/usr/lib/python3/dist-packages/colcon_core/task/python/colcon_distutils_commands:/home/mg0220/Lidar/install/datapack/lib/python3.10/site-packages:${PYTHONPATH} /usr/bin/python3 -W ignore:setup.py install is deprecated -W ignore:easy_install command is deprecated setup.py egg_info --egg-base ../../build/datapack build --build-base /home/mg0220/Lidar/build/datapack/build install --record /home/mg0220/Lidar/build/datapack/install.log --single-version-externally-managed install_data
[0.512s] running egg_info
[0.512s] creating ../../build/datapack/datapack.egg-info
[0.513s] writing ../../build/datapack/datapack.egg-info/PKG-INFO
[0.513s] writing dependency_links to ../../build/datapack/datapack.egg-info/dependency_links.txt
[0.513s] writing entry points to ../../build/datapack/datapack.egg-info/entry_points.txt
[0.513s] writing requirements to ../../build/datapack/datapack.egg-info/requires.txt
[0.513s] writing top-level names to ../../build/datapack/datapack.egg-info/top_level.txt
[0.514s] writing manifest file '../../build/datapack/datapack.egg-info/SOURCES.txt'
[0.514s] reading manifest file '../../build/datapack/datapack.egg-info/SOURCES.txt'
[0.515s] writing manifest file '../../build/datapack/datapack.egg-info/SOURCES.txt'
[0.515s] running build
[0.515s] running build_py
[0.515s] creating /home/mg0220/Lidar/build/datapack/build
[0.515s] creating /home/mg0220/Lidar/build/datapack/build/lib
[0.515s] creating /home/mg0220/Lidar/build/datapack/build/lib/datapack
[0.515s] copying datapack/data_node.py -> /home/mg0220/Lidar/build/datapack/build/lib/datapack
[0.516s] copying datapack/__init__.py -> /home/mg0220/Lidar/build/datapack/build/lib/datapack
[0.516s] running install
[0.516s] running install_lib
[0.517s] creating /home/mg0220/Lidar/install/datapack/lib/python3.10/site-packages/datapack
[0.517s] copying /home/mg0220/Lidar/build/datapack/build/lib/datapack/data_node.py -> /home/mg0220/Lidar/install/datapack/lib/python3.10/site-packages/datapack
[0.517s] copying /home/mg0220/Lidar/build/datapack/build/lib/datapack/__init__.py -> /home/mg0220/Lidar/install/datapack/lib/python3.10/site-packages/datapack
[0.517s] byte-compiling /home/mg0220/Lidar/install/datapack/lib/python3.10/site-packages/datapack/data_node.py to data_node.cpython-310.pyc
[0.517s] byte-compiling /home/mg0220/Lidar/install/datapack/lib/python3.10/site-packages/datapack/__init__.py to __init__.cpython-310.pyc
[0.517s] running install_data
[0.517s] creating /home/mg0220/Lidar/install/datapack/share/ament_index
[0.518s] creating /home/mg0220/Lidar/install/datapack/share/ament_index/resource_index
[0.518s] creating /home/mg0220/Lidar/install/datapack/share/ament_index/resource_index/packages
[0.518s] copying resource/datapack -> /home/mg0220/Lidar/install/datapack/share/ament_index/resource_index/packages
[0.518s] copying package.xml -> /home/mg0220/Lidar/install/datapack/share/datapack
[0.518s] running install_egg_info
[0.519s] Copying ../../build/datapack/datapack.egg-info to /home/mg0220/Lidar/install/datapack/lib/python3.10/site-packages/datapack-0.0.0-py3.10.egg-info
[0.519s] running install_scripts
[0.530s] Installing data_node script to /home/mg0220/Lidar/install/datapack/lib/datapack
[0.531s] writing list of installed files to '/home/mg0220/Lidar/build/datapack/install.log'
[0.543s] Invoked command in '/home/mg0220/Lidar/src/datapack' returned '0': PYTHONPATH=/home/mg0220/Lidar/build/datapack/prefix_override:/usr/lib/python3/dist-packages/colcon_core/task/python/colcon_distutils_commands:/home/mg0220/Lidar/install/datapack/lib/python3.10/site-packages:${PYTHONPATH} /usr/bin/python3 -W ignore:setup.py install is deprecated -W ignore:easy_install command is deprecated setup.py egg_info --egg-base ../../build/datapack build --build-base /home/mg0220/Lidar/build/datapack/build install --record /home/mg0220/Lidar/build/datapack/install.log --single-version-externally-managed install_data
