running egg_info
writing ../../build/datapack/datapack.egg-info/PKG-INFO
writing dependency_links to ../../build/datapack/datapack.egg-info/dependency_links.txt
writing entry points to ../../build/datapack/datapack.egg-info/entry_points.txt
writing requirements to ../../build/datapack/datapack.egg-info/requires.txt
writing top-level names to ../../build/datapack/datapack.egg-info/top_level.txt
reading manifest file '../../build/datapack/datapack.egg-info/SOURCES.txt'
writing manifest file '../../build/datapack/datapack.egg-info/SOURCES.txt'
running build
running build_py
copying datapack/ros.py -> /home/mg0220/Lidar/build/datapack/build/lib/datapack
copying datapack/publisher.py -> /home/mg0220/Lidar/build/datapack/build/lib/datapack
running install
running install_lib
copying /home/mg0220/Lidar/build/datapack/build/lib/datapack/ros.py -> /home/mg0220/Lidar/install/datapack/lib/python3.10/site-packages/datapack
copying /home/mg0220/Lidar/build/datapack/build/lib/datapack/publisher.py -> /home/mg0220/Lidar/install/datapack/lib/python3.10/site-packages/datapack
byte-compiling /home/mg0220/Lidar/install/datapack/lib/python3.10/site-packages/datapack/ros.py to ros.cpython-310.pyc
byte-compiling /home/mg0220/Lidar/install/datapack/lib/python3.10/site-packages/datapack/publisher.py to publisher.cpython-310.pyc
running install_data
running install_egg_info
removing '/home/mg0220/Lidar/install/datapack/lib/python3.10/site-packages/datapack-0.0.0-py3.10.egg-info' (and everything under it)
Copying ../../build/datapack/datapack.egg-info to /home/mg0220/Lidar/install/datapack/lib/python3.10/site-packages/datapack-0.0.0-py3.10.egg-info
running install_scripts
Installing data_node script to /home/mg0220/Lidar/install/datapack/lib/datapack
Installing publisher script to /home/mg0220/Lidar/install/datapack/lib/datapack
Installing subscriber script to /home/mg0220/Lidar/install/datapack/lib/datapack
writing list of installed files to '/home/mg0220/Lidar/build/datapack/install.log'
